This file contains any messages produced by compilers while
running configure, to aid debugging if configure makes a mistake.

It was created by protobuf-c configure 0.15, which was
generated by GNU Autoconf 2.69.  Invocation command line was

  $ ./configure 

## --------- ##
## Platform. ##
## --------- ##

hostname = ubuntu
uname -m = x86_64
uname -r = 3.13.0-48-generic
uname -s = Linux
uname -v = #80-Ubuntu SMP Thu Mar 12 11:16:15 UTC 2015

/usr/bin/uname -p = unknown
/bin/uname -X     = unknown

/bin/arch              = unknown
/usr/bin/arch -k       = unknown
/usr/convex/getsysinfo = unknown
/usr/bin/hostinfo      = unknown
/bin/machine           = unknown
/usr/bin/oslevel       = unknown
/bin/universe          = unknown

PATH: /usr/local/sbin
PATH: /usr/local/bin
PATH: /usr/sbin
PATH: /usr/bin
PATH: /sbin
PATH: /bin
PATH: /usr/games
PATH: /usr/local/games
PATH: /usr/lib/jvm/java-7-openjdk-amd64
PATH: /home/arihant/Documents/hadoop/hadoop-2.4.1/bin
PATH: /home/arihant/Documents/hadoop/hadoop-2.4.1/sbin
PATH: /home/arihant/Documents/swift/swift-0.94.1/bin
PATH: /home/arihant/Documents/google_appengine
PATH: /home/arihant/Documents/spring-1.2.2.BUILD-SNAPSHOT/bin


## ----------- ##
## Core tests. ##
## ----------- ##

configure:2595: checking for a BSD-compatible install
configure:2663: result: /usr/bin/install -c
configure:2674: checking whether build environment is sane
configure:2711: result: yes
configure:2736: checking for a thread-safe mkdir -p
configure:2775: result: /bin/mkdir -p
configure:2788: checking for gawk
configure:2818: result: no
configure:2788: checking for mawk
configure:2804: found /usr/bin/mawk
configure:2815: result: mawk
configure:2826: checking whether make sets $(MAKE)
configure:2848: result: yes
configure:3079: checking for gcc
configure:3095: found /usr/bin/gcc
configure:3106: result: gcc
configure:3335: checking for C compiler version
configure:3344: gcc --version >&5
gcc (Ubuntu 4.8.2-19ubuntu1) 4.8.2
Copyright (C) 2013 Free Software Foundation, Inc.
This is free software; see the source for copying conditions.  There is NO
warranty; not even for MERCHANTABILITY or FITNESS FOR A PARTICULAR PURPOSE.

configure:3355: $? = 0
configure:3344: gcc -v >&5
Using built-in specs.
COLLECT_GCC=gcc
COLLECT_LTO_WRAPPER=/usr/lib/gcc/x86_64-linux-gnu/4.8/lto-wrapper
Target: x86_64-linux-gnu
Configured with: ../src/configure -v --with-pkgversion='Ubuntu 4.8.2-19ubuntu1' --with-bugurl=file:///usr/share/doc/gcc-4.8/README.Bugs --enable-languages=c,c++,java,go,d,fortran,objc,obj-c++ --prefix=/usr --program-suffix=-4.8 --enable-shared --enable-linker-build-id --libexecdir=/usr/lib --without-included-gettext --enable-threads=posix --with-gxx-include-dir=/usr/include/c++/4.8 --libdir=/usr/lib --enable-nls --with-sysroot=/ --enable-clocale=gnu --enable-libstdcxx-debug --enable-libstdcxx-time=yes --enable-gnu-unique-object --disable-libmudflap --enable-plugin --with-system-zlib --disable-browser-plugin --enable-java-awt=gtk --enable-gtk-cairo --with-java-home=/usr/lib/jvm/java-1.5.0-gcj-4.8-amd64/jre --enable-java-home --with-jvm-root-dir=/usr/lib/jvm/java-1.5.0-gcj-4.8-amd64 --with-jvm-jar-dir=/usr/lib/jvm-exports/java-1.5.0-gcj-4.8-amd64 --with-arch-directory=amd64 --with-ecj-jar=/usr/share/java/eclipse-ecj.jar --enable-objc-gc --enable-multiarch --disable-werror --with-arch-32=i686 --with-abi=m64 --with-multilib-list=m32,m64,mx32 --with-tune=generic --enable-checking=release --build=x86_64-linux-gnu --host=x86_64-linux-gnu --target=x86_64-linux-gnu
Thread model: posix
gcc version 4.8.2 (Ubuntu 4.8.2-19ubuntu1) 
configure:3355: $? = 0
configure:3344: gcc -V >&5
gcc: error: unrecognized command line option '-V'
gcc: fatal error: no input files
compilation terminated.
configure:3355: $? = 4
configure:3344: gcc -qversion >&5
gcc: error: unrecognized command line option '-qversion'
gcc: fatal error: no input files
compilation terminated.
configure:3355: $? = 4
configure:3375: checking whether the C compiler works
configure:3397: gcc    conftest.c  >&5
configure:3401: $? = 0
configure:3449: result: yes
configure:3452: checking for C compiler default output file name
configure:3454: result: a.out
configure:3460: checking for suffix of executables
configure:3467: gcc -o conftest    conftest.c  >&5
configure:3471: $? = 0
configure:3493: result: 
configure:3515: checking whether we are cross compiling
configure:3523: gcc -o conftest    conftest.c  >&5
configure:3527: $? = 0
configure:3534: ./conftest
configure:3538: $? = 0
configure:3553: result: no
configure:3558: checking for suffix of object files
configure:3580: gcc -c   conftest.c >&5
configure:3584: $? = 0
configure:3605: result: o
configure:3609: checking whether we are using the GNU C compiler
configure:3628: gcc -c   conftest.c >&5
configure:3628: $? = 0
configure:3637: result: yes
configure:3646: checking whether gcc accepts -g
configure:3666: gcc -c -g  conftest.c >&5
configure:3666: $? = 0
configure:3707: result: yes
configure:3724: checking for gcc option to accept ISO C89
configure:3787: gcc  -c -g -O2  conftest.c >&5
configure:3787: $? = 0
configure:3800: result: none needed
configure:3831: checking for style of include used by make
configure:3859: result: GNU
configure:3884: checking dependency style of gcc
configure:3975: result: gcc3
configure:4048: checking for g++
configure:4064: found /usr/bin/g++
configure:4075: result: g++
configure:4102: checking for C++ compiler version
configure:4111: g++ --version >&5
g++ (Ubuntu 4.8.2-19ubuntu1) 4.8.2
Copyright (C) 2013 Free Software Foundation, Inc.
This is free software; see the source for copying conditions.  There is NO
warranty; not even for MERCHANTABILITY or FITNESS FOR A PARTICULAR PURPOSE.

configure:4122: $? = 0
configure:4111: g++ -v >&5
Using built-in specs.
COLLECT_GCC=g++
COLLECT_LTO_WRAPPER=/usr/lib/gcc/x86_64-linux-gnu/4.8/lto-wrapper
Target: x86_64-linux-gnu
Configured with: ../src/configure -v --with-pkgversion='Ubuntu 4.8.2-19ubuntu1' --with-bugurl=file:///usr/share/doc/gcc-4.8/README.Bugs --enable-languages=c,c++,java,go,d,fortran,objc,obj-c++ --prefix=/usr --program-suffix=-4.8 --enable-shared --enable-linker-build-id --libexecdir=/usr/lib --without-included-gettext --enable-threads=posix --with-gxx-include-dir=/usr/include/c++/4.8 --libdir=/usr/lib --enable-nls --with-sysroot=/ --enable-clocale=gnu --enable-libstdcxx-debug --enable-libstdcxx-time=yes --enable-gnu-unique-object --disable-libmudflap --enable-plugin --with-system-zlib --disable-browser-plugin --enable-java-awt=gtk --enable-gtk-cairo --with-java-home=/usr/lib/jvm/java-1.5.0-gcj-4.8-amd64/jre --enable-java-home --with-jvm-root-dir=/usr/lib/jvm/java-1.5.0-gcj-4.8-amd64 --with-jvm-jar-dir=/usr/lib/jvm-exports/java-1.5.0-gcj-4.8-amd64 --with-arch-directory=amd64 --with-ecj-jar=/usr/share/java/eclipse-ecj.jar --enable-objc-gc --enable-multiarch --disable-werror --with-arch-32=i686 --with-abi=m64 --with-multilib-list=m32,m64,mx32 --with-tune=generic --enable-checking=release --build=x86_64-linux-gnu --host=x86_64-linux-gnu --target=x86_64-linux-gnu
Thread model: posix
gcc version 4.8.2 (Ubuntu 4.8.2-19ubuntu1) 
configure:4122: $? = 0
configure:4111: g++ -V >&5
g++: error: unrecognized command line option '-V'
g++: fatal error: no input files
compilation terminated.
configure:4122: $? = 4
configure:4111: g++ -qversion >&5
g++: error: unrecognized command line option '-qversion'
g++: fatal error: no input files
compilation terminated.
configure:4122: $? = 4
configure:4126: checking whether we are using the GNU C++ compiler
configure:4145: g++ -c   conftest.cpp >&5
configure:4145: $? = 0
configure:4154: result: yes
configure:4163: checking whether g++ accepts -g
configure:4183: g++ -c -g  conftest.cpp >&5
configure:4183: $? = 0
configure:4224: result: yes
configure:4249: checking dependency style of g++
configure:4340: result: gcc3
configure:4384: checking build system type
configure:4398: result: x86_64-unknown-linux-gnu
configure:4418: checking host system type
configure:4431: result: x86_64-unknown-linux-gnu
configure:4451: checking for a sed that does not truncate output
configure:4515: result: /bin/sed
configure:4533: checking for grep that handles long lines and -e
configure:4591: result: /bin/grep
configure:4596: checking for egrep
configure:4658: result: /bin/grep -E
configure:4663: checking for fgrep
configure:4725: result: /bin/grep -F
configure:4760: checking for ld used by gcc
configure:4827: result: /usr/bin/ld
configure:4834: checking if the linker (/usr/bin/ld) is GNU ld
configure:4849: result: yes
configure:4861: checking for BSD- or MS-compatible name lister (nm)
configure:4910: result: /usr/bin/nm -B
configure:5028: checking the name lister (/usr/bin/nm -B) interface
configure:5035: gcc -c -g -O2  conftest.c >&5
configure:5038: /usr/bin/nm -B "conftest.o"
configure:5041: output
0000000000000000 B some_variable
configure:5048: result: BSD nm
configure:5051: checking whether ln -s works
configure:5055: result: yes
configure:5063: checking the maximum length of command line arguments
configure:5183: result: 1572864
configure:5200: checking whether the shell understands some XSI constructs
configure:5210: result: yes
configure:5214: checking whether the shell understands "+="
configure:5220: result: yes
configure:5255: checking for /usr/bin/ld option to reload object files
configure:5262: result: -r
configure:5331: checking for objdump
configure:5347: found /usr/bin/objdump
configure:5358: result: objdump
configure:5390: checking how to recognize dependent libraries
configure:5586: result: pass_all
configure:5646: checking for ar
configure:5662: found /usr/bin/ar
configure:5673: result: ar
configure:5751: checking for strip
configure:5767: found /usr/bin/strip
configure:5778: result: strip
configure:5850: checking for ranlib
configure:5866: found /usr/bin/ranlib
configure:5877: result: ranlib
configure:5967: checking command to parse /usr/bin/nm -B output from gcc object
configure:6085: gcc -c -g -O2  conftest.c >&5
configure:6088: $? = 0
configure:6092: /usr/bin/nm -B conftest.o \| sed -n -e 's/^.*[	 ]\([ABCDGIRSTW][ABCDGIRSTW]*\)[	 ][	 ]*\([_A-Za-z][_A-Za-z0-9]*\)$/\1 \2 \2/p' \> conftest.nm
configure:6095: $? = 0
configure:6149: gcc -o conftest -g -O2   conftest.c conftstm.o >&5
configure:6152: $? = 0
configure:6190: result: ok
configure:6286: gcc -c -g -O2  conftest.c >&5
configure:6289: $? = 0
configure:6999: checking how to run the C preprocessor
configure:7030: gcc -E  conftest.c
configure:7030: $? = 0
configure:7044: gcc -E  conftest.c
conftest.c:11:28: fatal error: ac_nonexistent.h: No such file or directory
 #include <ac_nonexistent.h>
                            ^
compilation terminated.
configure:7044: $? = 1
configure: failed program was:
| /* confdefs.h */
| #define PACKAGE_NAME "protobuf-c"
| #define PACKAGE_TARNAME "protobuf-c"
| #define PACKAGE_VERSION "0.15"
| #define PACKAGE_STRING "protobuf-c 0.15"
| #define PACKAGE_BUGREPORT ""
| #define PACKAGE_URL ""
| #define PACKAGE "protobuf-c"
| #define VERSION "0.15"
| /* end confdefs.h.  */
| #include <ac_nonexistent.h>
configure:7069: result: gcc -E
configure:7089: gcc -E  conftest.c
configure:7089: $? = 0
configure:7103: gcc -E  conftest.c
conftest.c:11:28: fatal error: ac_nonexistent.h: No such file or directory
 #include <ac_nonexistent.h>
                            ^
compilation terminated.
configure:7103: $? = 1
configure: failed program was:
| /* confdefs.h */
| #define PACKAGE_NAME "protobuf-c"
| #define PACKAGE_TARNAME "protobuf-c"
| #define PACKAGE_VERSION "0.15"
| #define PACKAGE_STRING "protobuf-c 0.15"
| #define PACKAGE_BUGREPORT ""
| #define PACKAGE_URL ""
| #define PACKAGE "protobuf-c"
| #define VERSION "0.15"
| /* end confdefs.h.  */
| #include <ac_nonexistent.h>
configure:7132: checking for ANSI C header files
configure:7152: gcc -c -g -O2  conftest.c >&5
configure:7152: $? = 0
configure:7225: gcc -o conftest -g -O2   conftest.c  >&5
configure:7225: $? = 0
configure:7225: ./conftest
configure:7225: $? = 0
configure:7236: result: yes
configure:7249: checking for sys/types.h
configure:7249: gcc -c -g -O2  conftest.c >&5
configure:7249: $? = 0
configure:7249: result: yes
configure:7249: checking for sys/stat.h
configure:7249: gcc -c -g -O2  conftest.c >&5
configure:7249: $? = 0
configure:7249: result: yes
configure:7249: checking for stdlib.h
configure:7249: gcc -c -g -O2  conftest.c >&5
configure:7249: $? = 0
configure:7249: result: yes
configure:7249: checking for string.h
configure:7249: gcc -c -g -O2  conftest.c >&5
configure:7249: $? = 0
configure:7249: result: yes
configure:7249: checking for memory.h
configure:7249: gcc -c -g -O2  conftest.c >&5
configure:7249: $? = 0
configure:7249: result: yes
configure:7249: checking for strings.h
configure:7249: gcc -c -g -O2  conftest.c >&5
configure:7249: $? = 0
configure:7249: result: yes
configure:7249: checking for inttypes.h
configure:7249: gcc -c -g -O2  conftest.c >&5
configure:7249: $? = 0
configure:7249: result: yes
configure:7249: checking for stdint.h
configure:7249: gcc -c -g -O2  conftest.c >&5
configure:7249: $? = 0
configure:7249: result: yes
configure:7249: checking for unistd.h
configure:7249: gcc -c -g -O2  conftest.c >&5
configure:7249: $? = 0
configure:7249: result: yes
configure:7263: checking for dlfcn.h
configure:7263: gcc -c -g -O2  conftest.c >&5
configure:7263: $? = 0
configure:7263: result: yes
configure:7388: checking for C++ compiler version
configure:7397: g++ --version >&5
g++ (Ubuntu 4.8.2-19ubuntu1) 4.8.2
Copyright (C) 2013 Free Software Foundation, Inc.
This is free software; see the source for copying conditions.  There is NO
warranty; not even for MERCHANTABILITY or FITNESS FOR A PARTICULAR PURPOSE.

configure:7408: $? = 0
configure:7397: g++ -v >&5
Using built-in specs.
COLLECT_GCC=g++
COLLECT_LTO_WRAPPER=/usr/lib/gcc/x86_64-linux-gnu/4.8/lto-wrapper
Target: x86_64-linux-gnu
Configured with: ../src/configure -v --with-pkgversion='Ubuntu 4.8.2-19ubuntu1' --with-bugurl=file:///usr/share/doc/gcc-4.8/README.Bugs --enable-languages=c,c++,java,go,d,fortran,objc,obj-c++ --prefix=/usr --program-suffix=-4.8 --enable-shared --enable-linker-build-id --libexecdir=/usr/lib --without-included-gettext --enable-threads=posix --with-gxx-include-dir=/usr/include/c++/4.8 --libdir=/usr/lib --enable-nls --with-sysroot=/ --enable-clocale=gnu --enable-libstdcxx-debug --enable-libstdcxx-time=yes --enable-gnu-unique-object --disable-libmudflap --enable-plugin --with-system-zlib --disable-browser-plugin --enable-java-awt=gtk --enable-gtk-cairo --with-java-home=/usr/lib/jvm/java-1.5.0-gcj-4.8-amd64/jre --enable-java-home --with-jvm-root-dir=/usr/lib/jvm/java-1.5.0-gcj-4.8-amd64 --with-jvm-jar-dir=/usr/lib/jvm-exports/java-1.5.0-gcj-4.8-amd64 --with-arch-directory=amd64 --with-ecj-jar=/usr/share/java/eclipse-ecj.jar --enable-objc-gc --enable-multiarch --disable-werror --with-arch-32=i686 --with-abi=m64 --with-multilib-list=m32,m64,mx32 --with-tune=generic --enable-checking=release --build=x86_64-linux-gnu --host=x86_64-linux-gnu --target=x86_64-linux-gnu
Thread model: posix
gcc version 4.8.2 (Ubuntu 4.8.2-19ubuntu1) 
configure:7408: $? = 0
configure:7397: g++ -V >&5
g++: error: unrecognized command line option '-V'
g++: fatal error: no input files
compilation terminated.
configure:7408: $? = 4
configure:7397: g++ -qversion >&5
g++: error: unrecognized command line option '-qversion'
g++: fatal error: no input files
compilation terminated.
configure:7408: $? = 4
configure:7412: checking whether we are using the GNU C++ compiler
configure:7440: result: yes
configure:7449: checking whether g++ accepts -g
configure:7510: result: yes
configure:7535: checking dependency style of g++
configure:7626: result: gcc3
configure:7649: checking how to run the C++ preprocessor
configure:7676: g++ -E  conftest.cpp
configure:7676: $? = 0
configure:7690: g++ -E  conftest.cpp
conftest.cpp:22:28: fatal error: ac_nonexistent.h: No such file or directory
 #include <ac_nonexistent.h>
                            ^
compilation terminated.
configure:7690: $? = 1
configure: failed program was:
| /* confdefs.h */
| #define PACKAGE_NAME "protobuf-c"
| #define PACKAGE_TARNAME "protobuf-c"
| #define PACKAGE_VERSION "0.15"
| #define PACKAGE_STRING "protobuf-c 0.15"
| #define PACKAGE_BUGREPORT ""
| #define PACKAGE_URL ""
| #define PACKAGE "protobuf-c"
| #define VERSION "0.15"
| #define STDC_HEADERS 1
| #define HAVE_SYS_TYPES_H 1
| #define HAVE_SYS_STAT_H 1
| #define HAVE_STDLIB_H 1
| #define HAVE_STRING_H 1
| #define HAVE_MEMORY_H 1
| #define HAVE_STRINGS_H 1
| #define HAVE_INTTYPES_H 1
| #define HAVE_STDINT_H 1
| #define HAVE_UNISTD_H 1
| #define HAVE_DLFCN_H 1
| /* end confdefs.h.  */
| #include <ac_nonexistent.h>
configure:7715: result: g++ -E
configure:7735: g++ -E  conftest.cpp
configure:7735: $? = 0
configure:7749: g++ -E  conftest.cpp
conftest.cpp:22:28: fatal error: ac_nonexistent.h: No such file or directory
 #include <ac_nonexistent.h>
                            ^
compilation terminated.
configure:7749: $? = 1
configure: failed program was:
| /* confdefs.h */
| #define PACKAGE_NAME "protobuf-c"
| #define PACKAGE_TARNAME "protobuf-c"
| #define PACKAGE_VERSION "0.15"
| #define PACKAGE_STRING "protobuf-c 0.15"
| #define PACKAGE_BUGREPORT ""
| #define PACKAGE_URL ""
| #define PACKAGE "protobuf-c"
| #define VERSION "0.15"
| #define STDC_HEADERS 1
| #define HAVE_SYS_TYPES_H 1
| #define HAVE_SYS_STAT_H 1
| #define HAVE_STDLIB_H 1
| #define HAVE_STRING_H 1
| #define HAVE_MEMORY_H 1
| #define HAVE_STRINGS_H 1
| #define HAVE_INTTYPES_H 1
| #define HAVE_STDINT_H 1
| #define HAVE_UNISTD_H 1
| #define HAVE_DLFCN_H 1
| /* end confdefs.h.  */
| #include <ac_nonexistent.h>
configure:7955: checking for objdir
configure:7970: result: .libs
configure:8262: checking if gcc supports -fno-rtti -fno-exceptions
configure:8280: gcc -c -g -O2  -fno-rtti -fno-exceptions conftest.c >&5
cc1: warning: command line option '-fno-rtti' is valid for C++/ObjC++ but not for C [enabled by default]
configure:8284: $? = 0
configure:8297: result: no
configure:8317: checking for gcc option to produce PIC
configure:8589: result: -fPIC -DPIC
configure:8601: checking if gcc PIC flag -fPIC -DPIC works
configure:8619: gcc -c -g -O2  -fPIC -DPIC -DPIC conftest.c >&5
configure:8623: $? = 0
configure:8636: result: yes
configure:8660: checking if gcc static flag -static works
configure:8688: result: yes
configure:8703: checking if gcc supports -c -o file.o
configure:8724: gcc -c -g -O2  -o out/conftest2.o conftest.c >&5
configure:8728: $? = 0
configure:8750: result: yes
configure:8758: checking if gcc supports -c -o file.o
configure:8805: result: yes
configure:8838: checking whether the gcc linker (/usr/bin/ld -m elf_x86_64) supports shared libraries
configure:9824: result: yes
configure:9861: checking whether -lc should be explicitly linked in
configure:9866: gcc -c -g -O2  conftest.c >&5
configure:9869: $? = 0
configure:9884: gcc -shared conftest.o  -v -Wl,-soname -Wl,conftest -o conftest 2\>\&1 \| /bin/grep  -lc  \>/dev/null 2\>\&1
configure:9887: $? = 0
configure:9899: result: no
configure:10063: checking dynamic linker characteristics
configure:10496: gcc -o conftest -g -O2   -Wl,-rpath -Wl,/foo conftest.c  >&5
configure:10496: $? = 0
configure:10714: result: GNU/Linux ld.so
configure:10816: checking how to hardcode library paths into programs
configure:10841: result: immediate
configure:11361: checking whether stripping libraries is possible
configure:11366: result: yes
configure:11401: checking if libtool supports shared libraries
configure:11403: result: yes
configure:11406: checking whether to build shared libraries
configure:11427: result: yes
configure:11430: checking whether to build static libraries
configure:11434: result: yes
configure:11584: checking for ld used by g++
configure:11651: result: /usr/bin/ld -m elf_x86_64
configure:11658: checking if the linker (/usr/bin/ld -m elf_x86_64) is GNU ld
configure:11673: result: yes
configure:11728: checking whether the g++ linker (/usr/bin/ld -m elf_x86_64) supports shared libraries
configure:12641: result: yes
configure:12669: g++ -c -g -O2  conftest.cpp >&5
configure:12672: $? = 0
configure:12854: checking for g++ option to produce PIC
configure:13171: result: -fPIC -DPIC
configure:13180: checking if g++ PIC flag -fPIC -DPIC works
configure:13198: g++ -c -g -O2  -fPIC -DPIC -DPIC conftest.cpp >&5
configure:13202: $? = 0
configure:13215: result: yes
configure:13236: checking if g++ static flag -static works
configure:13264: result: yes
configure:13276: checking if g++ supports -c -o file.o
configure:13297: g++ -c -g -O2  -o out/conftest2.o conftest.cpp >&5
configure:13301: $? = 0
configure:13323: result: yes
configure:13328: checking if g++ supports -c -o file.o
configure:13375: result: yes
configure:13405: checking whether the g++ linker (/usr/bin/ld -m elf_x86_64) supports shared libraries
configure:13431: result: yes
configure:13568: checking dynamic linker characteristics
configure:13949: g++ -o conftest -g -O2   -Wl,-rpath -Wl,/foo conftest.cpp  >&5
configure:13949: $? = 0
configure:14167: result: GNU/Linux ld.so
configure:14218: checking how to hardcode library paths into programs
configure:14243: result: immediate
configure:14303: checking for protoc
configure:14321: found /usr/local/bin/protoc
configure:14333: result: /usr/local/bin/protoc
configure:14343: checking for inttypes.h
configure:14343: result: yes
configure:14355: checking sys/poll.h usability
configure:14355: gcc -c -g -O2  conftest.c >&5
configure:14355: $? = 0
configure:14355: result: yes
configure:14355: checking sys/poll.h presence
configure:14355: gcc -E  conftest.c
configure:14355: $? = 0
configure:14355: result: yes
configure:14355: checking for sys/poll.h
configure:14355: result: yes
configure:14367: checking sys/select.h usability
configure:14367: gcc -c -g -O2  conftest.c >&5
configure:14367: $? = 0
configure:14367: result: yes
configure:14367: checking sys/select.h presence
configure:14367: gcc -E  conftest.c
configure:14367: $? = 0
configure:14367: result: yes
configure:14367: checking for sys/select.h
configure:14367: result: yes
configure:14379: checking alloca.h usability
configure:14379: gcc -c -g -O2  conftest.c >&5
configure:14379: $? = 0
configure:14379: result: yes
configure:14379: checking alloca.h presence
configure:14379: gcc -E  conftest.c
configure:14379: $? = 0
configure:14379: result: yes
configure:14379: checking for alloca.h
configure:14379: result: yes
configure:14391: checking malloc.h usability
configure:14391: gcc -c -g -O2  conftest.c >&5
configure:14391: $? = 0
configure:14391: result: yes
configure:14391: checking malloc.h presence
configure:14391: gcc -E  conftest.c
configure:14391: $? = 0
configure:14391: result: yes
configure:14391: checking for malloc.h
configure:14391: result: yes
configure:14403: checking winsock.h usability
configure:14403: gcc -c -g -O2  conftest.c >&5
conftest.c:61:21: fatal error: winsock.h: No such file or directory
 #include <winsock.h>
                     ^
compilation terminated.
configure:14403: $? = 1
configure: failed program was:
| /* confdefs.h */
| #define PACKAGE_NAME "protobuf-c"
| #define PACKAGE_TARNAME "protobuf-c"
| #define PACKAGE_VERSION "0.15"
| #define PACKAGE_STRING "protobuf-c 0.15"
| #define PACKAGE_BUGREPORT ""
| #define PACKAGE_URL ""
| #define PACKAGE "protobuf-c"
| #define VERSION "0.15"
| #define STDC_HEADERS 1
| #define HAVE_SYS_TYPES_H 1
| #define HAVE_SYS_STAT_H 1
| #define HAVE_STDLIB_H 1
| #define HAVE_STRING_H 1
| #define HAVE_MEMORY_H 1
| #define HAVE_STRINGS_H 1
| #define HAVE_INTTYPES_H 1
| #define HAVE_STDINT_H 1
| #define HAVE_UNISTD_H 1
| #define HAVE_DLFCN_H 1
| #define LT_OBJDIR ".libs/"
| #define HAVE_INTTYPES_H 1
| #define HAVE_SYS_POLL_H 1
| #define HAVE_SYS_SELECT_H 1
| #define HAVE_ALLOCA_H 1
| #define HAVE_MALLOC_H 1
| /* end confdefs.h.  */
| #include <stdio.h>
| #ifdef HAVE_SYS_TYPES_H
| # include <sys/types.h>
| #endif
| #ifdef HAVE_SYS_STAT_H
| # include <sys/stat.h>
| #endif
| #ifdef STDC_HEADERS
| # include <stdlib.h>
| # include <stddef.h>
| #else
| # ifdef HAVE_STDLIB_H
| #  include <stdlib.h>
| # endif
| #endif
| #ifdef HAVE_STRING_H
| # if !defined STDC_HEADERS && defined HAVE_MEMORY_H
| #  include <memory.h>
| # endif
| # include <string.h>
| #endif
| #ifdef HAVE_STRINGS_H
| # include <strings.h>
| #endif
| #ifdef HAVE_INTTYPES_H
| # include <inttypes.h>
| #endif
| #ifdef HAVE_STDINT_H
| # include <stdint.h>
| #endif
| #ifdef HAVE_UNISTD_H
| # include <unistd.h>
| #endif
| #include <winsock.h>
configure:14403: result: no
configure:14403: checking winsock.h presence
configure:14403: gcc -E  conftest.c
conftest.c:28:21: fatal error: winsock.h: No such file or directory
 #include <winsock.h>
                     ^
compilation terminated.
configure:14403: $? = 1
configure: failed program was:
| /* confdefs.h */
| #define PACKAGE_NAME "protobuf-c"
| #define PACKAGE_TARNAME "protobuf-c"
| #define PACKAGE_VERSION "0.15"
| #define PACKAGE_STRING "protobuf-c 0.15"
| #define PACKAGE_BUGREPORT ""
| #define PACKAGE_URL ""
| #define PACKAGE "protobuf-c"
| #define VERSION "0.15"
| #define STDC_HEADERS 1
| #define HAVE_SYS_TYPES_H 1
| #define HAVE_SYS_STAT_H 1
| #define HAVE_STDLIB_H 1
| #define HAVE_STRING_H 1
| #define HAVE_MEMORY_H 1
| #define HAVE_STRINGS_H 1
| #define HAVE_INTTYPES_H 1
| #define HAVE_STDINT_H 1
| #define HAVE_UNISTD_H 1
| #define HAVE_DLFCN_H 1
| #define LT_OBJDIR ".libs/"
| #define HAVE_INTTYPES_H 1
| #define HAVE_SYS_POLL_H 1
| #define HAVE_SYS_SELECT_H 1
| #define HAVE_ALLOCA_H 1
| #define HAVE_MALLOC_H 1
| /* end confdefs.h.  */
| #include <winsock.h>
configure:14403: result: no
configure:14403: checking for winsock.h
configure:14403: result: no
configure:14415: checking io.h usability
configure:14415: gcc -c -g -O2  conftest.c >&5
conftest.c:61:16: fatal error: io.h: No such file or directory
 #include <io.h>
                ^
compilation terminated.
configure:14415: $? = 1
configure: failed program was:
| /* confdefs.h */
| #define PACKAGE_NAME "protobuf-c"
| #define PACKAGE_TARNAME "protobuf-c"
| #define PACKAGE_VERSION "0.15"
| #define PACKAGE_STRING "protobuf-c 0.15"
| #define PACKAGE_BUGREPORT ""
| #define PACKAGE_URL ""
| #define PACKAGE "protobuf-c"
| #define VERSION "0.15"
| #define STDC_HEADERS 1
| #define HAVE_SYS_TYPES_H 1
| #define HAVE_SYS_STAT_H 1
| #define HAVE_STDLIB_H 1
| #define HAVE_STRING_H 1
| #define HAVE_MEMORY_H 1
| #define HAVE_STRINGS_H 1
| #define HAVE_INTTYPES_H 1
| #define HAVE_STDINT_H 1
| #define HAVE_UNISTD_H 1
| #define HAVE_DLFCN_H 1
| #define LT_OBJDIR ".libs/"
| #define HAVE_INTTYPES_H 1
| #define HAVE_SYS_POLL_H 1
| #define HAVE_SYS_SELECT_H 1
| #define HAVE_ALLOCA_H 1
| #define HAVE_MALLOC_H 1
| /* end confdefs.h.  */
| #include <stdio.h>
| #ifdef HAVE_SYS_TYPES_H
| # include <sys/types.h>
| #endif
| #ifdef HAVE_SYS_STAT_H
| # include <sys/stat.h>
| #endif
| #ifdef STDC_HEADERS
| # include <stdlib.h>
| # include <stddef.h>
| #else
| # ifdef HAVE_STDLIB_H
| #  include <stdlib.h>
| # endif
| #endif
| #ifdef HAVE_STRING_H
| # if !defined STDC_HEADERS && defined HAVE_MEMORY_H
| #  include <memory.h>
| # endif
| # include <string.h>
| #endif
| #ifdef HAVE_STRINGS_H
| # include <strings.h>
| #endif
| #ifdef HAVE_INTTYPES_H
| # include <inttypes.h>
| #endif
| #ifdef HAVE_STDINT_H
| # include <stdint.h>
| #endif
| #ifdef HAVE_UNISTD_H
| # include <unistd.h>
| #endif
| #include <io.h>
configure:14415: result: no
configure:14415: checking io.h presence
configure:14415: gcc -E  conftest.c
conftest.c:28:16: fatal error: io.h: No such file or directory
 #include <io.h>
                ^
compilation terminated.
configure:14415: $? = 1
configure: failed program was:
| /* confdefs.h */
| #define PACKAGE_NAME "protobuf-c"
| #define PACKAGE_TARNAME "protobuf-c"
| #define PACKAGE_VERSION "0.15"
| #define PACKAGE_STRING "protobuf-c 0.15"
| #define PACKAGE_BUGREPORT ""
| #define PACKAGE_URL ""
| #define PACKAGE "protobuf-c"
| #define VERSION "0.15"
| #define STDC_HEADERS 1
| #define HAVE_SYS_TYPES_H 1
| #define HAVE_SYS_STAT_H 1
| #define HAVE_STDLIB_H 1
| #define HAVE_STRING_H 1
| #define HAVE_MEMORY_H 1
| #define HAVE_STRINGS_H 1
| #define HAVE_INTTYPES_H 1
| #define HAVE_STDINT_H 1
| #define HAVE_UNISTD_H 1
| #define HAVE_DLFCN_H 1
| #define LT_OBJDIR ".libs/"
| #define HAVE_INTTYPES_H 1
| #define HAVE_SYS_POLL_H 1
| #define HAVE_SYS_SELECT_H 1
| #define HAVE_ALLOCA_H 1
| #define HAVE_MALLOC_H 1
| /* end confdefs.h.  */
| #include <io.h>
configure:14415: result: no
configure:14415: checking for io.h
configure:14415: result: no
configure:14427: checking sys/uio.h usability
configure:14427: gcc -c -g -O2  conftest.c >&5
configure:14427: $? = 0
configure:14427: result: yes
configure:14427: checking sys/uio.h presence
configure:14427: gcc -E  conftest.c
configure:14427: $? = 0
configure:14427: result: yes
configure:14427: checking for sys/uio.h
configure:14427: result: yes
configure:14439: checking for unistd.h
configure:14439: result: yes
configure:14476: checking google/protobuf/stubs/common.h usability
configure:14476: g++ -c -g -O2  conftest.cpp >&5
configure:14476: $? = 0
configure:14476: result: yes
configure:14476: checking google/protobuf/stubs/common.h presence
configure:14476: g++ -E  conftest.cpp
configure:14476: $? = 0
configure:14476: result: yes
configure:14476: checking for google/protobuf/stubs/common.h
configure:14476: result: yes
configure:14509: g++ -o conftest -g -O2   conftest.cpp  -lprotoc -lprotobuf -lpthread >&5
configure:14509: $? = 0
configure:14580: checking endian.h usability
configure:14580: gcc -c -g -O2  conftest.c >&5
configure:14580: $? = 0
configure:14580: result: yes
configure:14580: checking endian.h presence
configure:14580: gcc -E  conftest.c
configure:14580: $? = 0
configure:14580: result: yes
configure:14580: checking for endian.h
configure:14580: result: yes
configure:14606: gcc -c -g -O2  conftest.c >&5
conftest.c: In function 'main':
conftest.c:37:6: error: duplicate case value
      case __BYTE_ORDER: break; }
      ^
conftest.c:36:20: error: previously used here
       switch (1) { case __LITTLE_ENDIAN: break;
                    ^
configure:14606: $? = 1
configure: failed program was:
| /* confdefs.h */
| #define PACKAGE_NAME "protobuf-c"
| #define PACKAGE_TARNAME "protobuf-c"
| #define PACKAGE_VERSION "0.15"
| #define PACKAGE_STRING "protobuf-c 0.15"
| #define PACKAGE_BUGREPORT ""
| #define PACKAGE_URL ""
| #define PACKAGE "protobuf-c"
| #define VERSION "0.15"
| #define STDC_HEADERS 1
| #define HAVE_SYS_TYPES_H 1
| #define HAVE_SYS_STAT_H 1
| #define HAVE_STDLIB_H 1
| #define HAVE_STRING_H 1
| #define HAVE_MEMORY_H 1
| #define HAVE_STRINGS_H 1
| #define HAVE_INTTYPES_H 1
| #define HAVE_STDINT_H 1
| #define HAVE_UNISTD_H 1
| #define HAVE_DLFCN_H 1
| #define LT_OBJDIR ".libs/"
| #define HAVE_INTTYPES_H 1
| #define HAVE_SYS_POLL_H 1
| #define HAVE_SYS_SELECT_H 1
| #define HAVE_ALLOCA_H 1
| #define HAVE_MALLOC_H 1
| #define HAVE_SYS_UIO_H 1
| #define HAVE_UNISTD_H 1
| #define HAVE_ENDIAN_H 1
| /* end confdefs.h.  */
| #include <endian.h>
| int
| main ()
| {
| 
|       switch (1) { case __LITTLE_ENDIAN: break;
| 		   case __BYTE_ORDER: break; }
|   ;
|   return 0;
| }
configure:14904: creating ./config.status

## ---------------------- ##
## Running config.status. ##
## ---------------------- ##

This file was extended by protobuf-c config.status 0.15, which was
generated by GNU Autoconf 2.69.  Invocation command line was

  CONFIG_FILES    = 
  CONFIG_HEADERS  = 
  CONFIG_LINKS    = 
  CONFIG_COMMANDS = 
  $ ./config.status 

on ubuntu

config.status:1050: creating Makefile
config.status:1050: creating src/Makefile
config.status:1050: creating src/test/Makefile
config.status:1050: creating pkgwriteinfo
config.status:1050: creating libprotobuf-c.pc
config.status:1222: executing depfiles commands
config.status:1222: executing libtool commands

## ---------------- ##
## Cache variables. ##
## ---------------- ##

ac_cv_build=x86_64-unknown-linux-gnu
ac_cv_c_compiler_gnu=yes
ac_cv_cxx_compiler_gnu=yes
ac_cv_env_CCC_set=
ac_cv_env_CCC_value=
ac_cv_env_CC_set=
ac_cv_env_CC_value=
ac_cv_env_CFLAGS_set=
ac_cv_env_CFLAGS_value=
ac_cv_env_CPPFLAGS_set=
ac_cv_env_CPPFLAGS_value=
ac_cv_env_CPP_set=
ac_cv_env_CPP_value=
ac_cv_env_CXXCPP_set=
ac_cv_env_CXXCPP_value=
ac_cv_env_CXXFLAGS_set=
ac_cv_env_CXXFLAGS_value=
ac_cv_env_CXX_set=
ac_cv_env_CXX_value=
ac_cv_env_LDFLAGS_set=
ac_cv_env_LDFLAGS_value=
ac_cv_env_LIBS_set=
ac_cv_env_LIBS_value=
ac_cv_env_build_alias_set=
ac_cv_env_build_alias_value=
ac_cv_env_host_alias_set=
ac_cv_env_host_alias_value=
ac_cv_env_target_alias_set=
ac_cv_env_target_alias_value=
ac_cv_header_alloca_h=yes
ac_cv_header_dlfcn_h=yes
ac_cv_header_endian_h=yes
ac_cv_header_google_protobuf_stubs_common_h=yes
ac_cv_header_inttypes_h=yes
ac_cv_header_io_h=no
ac_cv_header_malloc_h=yes
ac_cv_header_memory_h=yes
ac_cv_header_stdc=yes
ac_cv_header_stdint_h=yes
ac_cv_header_stdlib_h=yes
ac_cv_header_string_h=yes
ac_cv_header_strings_h=yes
ac_cv_header_sys_poll_h=yes
ac_cv_header_sys_select_h=yes
ac_cv_header_sys_stat_h=yes
ac_cv_header_sys_types_h=yes
ac_cv_header_sys_uio_h=yes
ac_cv_header_unistd_h=yes
ac_cv_header_winsock_h=no
ac_cv_host=x86_64-unknown-linux-gnu
ac_cv_objext=o
ac_cv_path_EGREP='/bin/grep -E'
ac_cv_path_FGREP='/bin/grep -F'
ac_cv_path_GREP=/bin/grep
ac_cv_path_PROTOC=/usr/local/bin/protoc
ac_cv_path_SED=/bin/sed
ac_cv_path_install='/usr/bin/install -c'
ac_cv_path_mkdir=/bin/mkdir
ac_cv_prog_AWK=mawk
ac_cv_prog_CPP='gcc -E'
ac_cv_prog_CXXCPP='g++ -E'
ac_cv_prog_ac_ct_AR=ar
ac_cv_prog_ac_ct_CC=gcc
ac_cv_prog_ac_ct_CXX=g++
ac_cv_prog_ac_ct_OBJDUMP=objdump
ac_cv_prog_ac_ct_RANLIB=ranlib
ac_cv_prog_ac_ct_STRIP=strip
ac_cv_prog_cc_c89=
ac_cv_prog_cc_g=yes
ac_cv_prog_cxx_g=yes
ac_cv_prog_make_make_set=yes
am_cv_CC_dependencies_compiler_type=gcc3
am_cv_CXX_dependencies_compiler_type=gcc3
lt_cv_deplibs_check_method=pass_all
lt_cv_file_magic_cmd='$MAGIC_CMD'
lt_cv_file_magic_test_file=
lt_cv_ld_reload_flag=-r
lt_cv_nm_interface='BSD nm'
lt_cv_objdir=.libs
lt_cv_path_LD=/usr/bin/ld
lt_cv_path_LDCXX='/usr/bin/ld -m elf_x86_64'
lt_cv_path_NM='/usr/bin/nm -B'
lt_cv_prog_compiler_c_o=yes
lt_cv_prog_compiler_c_o_CXX=yes
lt_cv_prog_compiler_pic_works=yes
lt_cv_prog_compiler_pic_works_CXX=yes
lt_cv_prog_compiler_rtti_exceptions=no
lt_cv_prog_compiler_static_works=yes
lt_cv_prog_compiler_static_works_CXX=yes
lt_cv_prog_gnu_ld=yes
lt_cv_prog_gnu_ldcxx=yes
lt_cv_sys_global_symbol_pipe='sed -n -e '\''s/^.*[	 ]\([ABCDGIRSTW][ABCDGIRSTW]*\)[	 ][	 ]*\([_A-Za-z][_A-Za-z0-9]*\)$/\1 \2 \2/p'\'''
lt_cv_sys_global_symbol_to_c_name_address='sed -n -e '\''s/^: \([^ ]*\) $/  {\"\1\", (void *) 0},/p'\'' -e '\''s/^[ABCDGIRSTW]* \([^ ]*\) \([^ ]*\)$/  {"\2", (void *) \&\2},/p'\'''
lt_cv_sys_global_symbol_to_c_name_address_lib_prefix='sed -n -e '\''s/^: \([^ ]*\) $/  {\"\1\", (void *) 0},/p'\'' -e '\''s/^[ABCDGIRSTW]* \([^ ]*\) \(lib[^ ]*\)$/  {"\2", (void *) \&\2},/p'\'' -e '\''s/^[ABCDGIRSTW]* \([^ ]*\) \([^ ]*\)$/  {"lib\2", (void *) \&\2},/p'\'''
lt_cv_sys_global_symbol_to_cdecl='sed -n -e '\''s/^T .* \(.*\)$/extern int \1();/p'\'' -e '\''s/^[ABCDGIRSTW]* .* \(.*\)$/extern char \1;/p'\'''
lt_cv_sys_max_cmd_len=1572864

## ----------------- ##
## Output variables. ##
## ----------------- ##

ACLOCAL='${SHELL} /home/arihant/Documents/Workspace/DIC/dongfang-fusionfs-zht-b6185c62d7d0/src/protobuf-c-0.15/missing --run aclocal-1.10'
AMDEPBACKSLASH='\'
AMDEP_FALSE='#'
AMDEP_TRUE=''
AMTAR='${SHELL} /home/arihant/Documents/Workspace/DIC/dongfang-fusionfs-zht-b6185c62d7d0/src/protobuf-c-0.15/missing --run tar'
AR='ar'
AUTOCONF='${SHELL} /home/arihant/Documents/Workspace/DIC/dongfang-fusionfs-zht-b6185c62d7d0/src/protobuf-c-0.15/missing --run autoconf'
AUTOHEADER='${SHELL} /home/arihant/Documents/Workspace/DIC/dongfang-fusionfs-zht-b6185c62d7d0/src/protobuf-c-0.15/missing --run autoheader'
AUTOMAKE='${SHELL} /home/arihant/Documents/Workspace/DIC/dongfang-fusionfs-zht-b6185c62d7d0/src/protobuf-c-0.15/missing --run automake-1.10'
AWK='mawk'
BUILD_PROTOC_C_FALSE='#'
BUILD_PROTOC_C_TRUE=''
CC='gcc'
CCDEPMODE='depmode=gcc3'
CFLAGS='-g -O2'
CPP='gcc -E'
CPPFLAGS=''
CXX='g++'
CXXCPP='g++ -E'
CXXDEPMODE='depmode=gcc3'
CXXFLAGS='-g -O2'
CYGPATH_W='echo'
DEFS='-DPACKAGE_NAME=\"protobuf-c\" -DPACKAGE_TARNAME=\"protobuf-c\" -DPACKAGE_VERSION=\"0.15\" -DPACKAGE_STRING=\"protobuf-c\ 0.15\" -DPACKAGE_BUGREPORT=\"\" -DPACKAGE_URL=\"\" -DPACKAGE=\"protobuf-c\" -DVERSION=\"0.15\" -DSTDC_HEADERS=1 -DHAVE_SYS_TYPES_H=1 -DHAVE_SYS_STAT_H=1 -DHAVE_STDLIB_H=1 -DHAVE_STRING_H=1 -DHAVE_MEMORY_H=1 -DHAVE_STRINGS_H=1 -DHAVE_INTTYPES_H=1 -DHAVE_STDINT_H=1 -DHAVE_UNISTD_H=1 -DHAVE_DLFCN_H=1 -DLT_OBJDIR=\".libs/\" -DHAVE_INTTYPES_H=1 -DHAVE_SYS_POLL_H=1 -DHAVE_SYS_SELECT_H=1 -DHAVE_ALLOCA_H=1 -DHAVE_MALLOC_H=1 -DHAVE_SYS_UIO_H=1 -DHAVE_UNISTD_H=1 -DHAVE_ENDIAN_H=1 -DIS_LITTLE_ENDIAN=1'
DEPDIR='.deps'
DSYMUTIL=''
DUMPBIN=''
ECHO_C=''
ECHO_N='-n'
ECHO_T=''
EGREP='/bin/grep -E'
EXEEXT=''
FGREP='/bin/grep -F'
GREP='/bin/grep'
INSTALL_DATA='${INSTALL} -m 644'
INSTALL_PROGRAM='${INSTALL}'
INSTALL_SCRIPT='${INSTALL}'
INSTALL_STRIP_PROGRAM='$(install_sh) -c -s'
LD='/usr/bin/ld -m elf_x86_64'
LDFLAGS=''
LIBOBJS=''
LIBS=''
LIBTOOL='$(SHELL) $(top_builddir)/libtool'
LIPO=''
LN_S='ln -s'
LTLIBOBJS=''
MAKEINFO='${SHELL} /home/arihant/Documents/Workspace/DIC/dongfang-fusionfs-zht-b6185c62d7d0/src/protobuf-c-0.15/missing --run makeinfo'
MKDIR_P='/bin/mkdir -p'
NM='/usr/bin/nm -B'
NMEDIT=''
OBJDUMP='objdump'
OBJEXT='o'
OTOOL64=''
OTOOL=''
PACKAGE='protobuf-c'
PACKAGE_BUGREPORT=''
PACKAGE_NAME='protobuf-c'
PACKAGE_STRING='protobuf-c 0.15'
PACKAGE_TARNAME='protobuf-c'
PACKAGE_URL=''
PACKAGE_VERSION='0.15'
PATH_SEPARATOR=':'
PROTOC='/usr/local/bin/protoc'
RANLIB='ranlib'
SED='/bin/sed'
SET_MAKE=''
SHELL='/bin/bash'
STRIP='strip'
VERSION='0.15'
ac_ct_CC='gcc'
ac_ct_CXX='g++'
ac_ct_DUMPBIN=''
am__fastdepCC_FALSE='#'
am__fastdepCC_TRUE=''
am__fastdepCXX_FALSE='#'
am__fastdepCXX_TRUE=''
am__include='include'
am__isrc=''
am__leading_dot='.'
am__quote=''
am__tar='${AMTAR} chof - "$$tardir"'
am__untar='${AMTAR} xf -'
bindir='${exec_prefix}/bin'
build='x86_64-unknown-linux-gnu'
build_alias=''
build_cpu='x86_64'
build_os='linux-gnu'
build_vendor='unknown'
datadir='${datarootdir}'
datarootdir='${prefix}/share'
docdir='${datarootdir}/doc/${PACKAGE_TARNAME}'
dvidir='${docdir}'
exec_prefix='${prefix}'
host='x86_64-unknown-linux-gnu'
host_alias=''
host_cpu='x86_64'
host_os='linux-gnu'
host_vendor='unknown'
htmldir='${docdir}'
includedir='${prefix}/include'
infodir='${datarootdir}/info'
install_sh='$(SHELL) /home/arihant/Documents/Workspace/DIC/dongfang-fusionfs-zht-b6185c62d7d0/src/protobuf-c-0.15/install-sh'
libdir='${exec_prefix}/lib'
libexecdir='${exec_prefix}/libexec'
localedir='${datarootdir}/locale'
localstatedir='${prefix}/var'
lt_ECHO='echo'
mandir='${datarootdir}/man'
mkdir_p='/bin/mkdir -p'
oldincludedir='/usr/include'
pdfdir='${docdir}'
prefix='/usr/local'
program_transform_name='s,x,x,'
psdir='${docdir}'
sbindir='${exec_prefix}/sbin'
sharedstatedir='${prefix}/com'
sysconfdir='${prefix}/etc'
target_alias=''

## ----------- ##
## confdefs.h. ##
## ----------- ##

/* confdefs.h */
#define PACKAGE_NAME "protobuf-c"
#define PACKAGE_TARNAME "protobuf-c"
#define PACKAGE_VERSION "0.15"
#define PACKAGE_STRING "protobuf-c 0.15"
#define PACKAGE_BUGREPORT ""
#define PACKAGE_URL ""
#define PACKAGE "protobuf-c"
#define VERSION "0.15"
#define STDC_HEADERS 1
#define HAVE_SYS_TYPES_H 1
#define HAVE_SYS_STAT_H 1
#define HAVE_STDLIB_H 1
#define HAVE_STRING_H 1
#define HAVE_MEMORY_H 1
#define HAVE_STRINGS_H 1
#define HAVE_INTTYPES_H 1
#define HAVE_STDINT_H 1
#define HAVE_UNISTD_H 1
#define HAVE_DLFCN_H 1
#define LT_OBJDIR ".libs/"
#define HAVE_INTTYPES_H 1
#define HAVE_SYS_POLL_H 1
#define HAVE_SYS_SELECT_H 1
#define HAVE_ALLOCA_H 1
#define HAVE_MALLOC_H 1
#define HAVE_SYS_UIO_H 1
#define HAVE_UNISTD_H 1
#define HAVE_ENDIAN_H 1
#define IS_LITTLE_ENDIAN 1

configure: exit 0
